TN:
SF:C:\Users\csbacon\Projects\AVLTree\avlTree.js
FN:3,(anonymous_1)
FN:5,Node
FN:29,contains
FN:32,containsRecursive
FN:48,insert
FN:60,insertRecursive
FN:76,remove
FN:86,removeRecursive
FN:105,getReplacementNode
FN:116,getReplacementNodeRecursive
FN:129,getSize
FN:133,toString
FN:144,recurse
FN:162,getHeight
FN:180,balance
FN:208,getBalanceFactor
FN:226,adjustHeightAfterBalance
FN:232,rotateRight
FN:240,rotateLeft
FN:249,initMatrix
FN:264,printMatrix
FNF:21
FNH:21
FNDA:26,(anonymous_1)
FNDA:20121,Node
FNDA:35,contains
FNDA:100,containsRecursive
FNDA:20121,insert
FNDA:269797,insertRecursive
FNDA:10013,remove
FNDA:99080,removeRecursive
FNDA:10011,getReplacementNode
FNDA:10624,getReplacementNodeRecursive
FNDA:30,getSize
FNDA:20,toString
FNDA:219,recurse
FNDA:417940,getHeight
FNDA:351574,balance
FNDA:373696,getBalanceFactor
FNDA:22122,adjustHeightAfterBalance
FNDA:1844,rotateRight
FNDA:21805,rotateLeft
FNDA:19,initMatrix
FNDA:19,printMatrix
DA:3,1
DA:6,20121
DA:7,20121
DA:8,20121
DA:9,20121
DA:12,26
DA:13,26
DA:15,26
DA:23,26
DA:25,26
DA:30,35
DA:33,100
DA:34,17
DA:36,83
DA:37,18
DA:39,65
DA:40,29
DA:42,36
DA:49,20121
DA:51,20121
DA:52,22
DA:54,20099
DA:57,20121
DA:58,20121
DA:61,269797
DA:62,20099
DA:65,249698
DA:66,21984
DA:68,227714
DA:71,249698
DA:72,249698
DA:77,10013
DA:79,10013
DA:80,1
DA:83,10012
DA:84,10012
DA:87,99080
DA:88,1
DA:89,99079
DA:90,10011
DA:91,10011
DA:92,10011
DA:93,2509
DA:95,89068
DA:96,59395
DA:98,29673
DA:101,96570
DA:102,96570
DA:108,10011
DA:109,5318
DA:110,5318
DA:111,5318
DA:113,4693
DA:117,10624
DA:118,5318
DA:119,5318
DA:122,5306
DA:123,5306
DA:124,5306
DA:130,30
DA:134,20
DA:135,1
DA:138,19
DA:139,19
DA:141,19
DA:142,19
DA:147,219
DA:148,119
DA:151,100
DA:153,100
DA:154,100
DA:155,100
DA:156,100
DA:165,417940
DA:166,65262
DA:168,352678
DA:171,417940
DA:172,28222
DA:174,389718
DA:177,417940
DA:183,351574
DA:185,351574
DA:186,1835
DA:188,1835
DA:189,1518
DA:191,1835
DA:192,1835
DA:194,349739
DA:195,20287
DA:197,20287
DA:198,9
DA:201,20287
DA:202,20287
DA:205,351574
DA:211,373696
DA:212,48468
DA:214,325228
DA:217,373696
DA:218,6357
DA:220,367339
DA:223,373696
DA:227,22122
DA:228,22122
DA:229,22122
DA:233,1844
DA:234,1844
DA:235,1844
DA:237,1844
DA:241,21805
DA:242,21805
DA:243,21805
DA:245,21805
DA:250,19
DA:251,19
DA:252,19
DA:254,19
DA:255,52
DA:256,52
DA:257,558
DA:261,19
DA:265,19
DA:266,19
DA:267,52
DA:269,19
DA:272,1
LF:125
LH:125
BRDA:12,1,0,25
BRDA:12,1,1,1
BRDA:13,2,0,25
BRDA:13,2,1,1
BRDA:33,3,0,17
BRDA:33,3,1,83
BRDA:36,4,0,18
BRDA:36,4,1,65
BRDA:39,5,0,29
BRDA:39,5,1,36
BRDA:51,6,0,22
BRDA:51,6,1,20099
BRDA:61,7,0,20099
BRDA:61,7,1,249698
BRDA:65,8,0,21984
BRDA:65,8,1,227714
BRDA:79,9,0,1
BRDA:79,9,1,10012
BRDA:87,10,0,1
BRDA:87,10,1,99079
BRDA:89,11,0,10011
BRDA:89,11,1,89068
BRDA:92,12,0,2509
BRDA:92,12,1,7502
BRDA:95,13,0,59395
BRDA:95,13,1,29673
BRDA:108,14,0,5318
BRDA:108,14,1,4693
BRDA:108,15,0,10011
BRDA:108,15,1,5319
BRDA:113,16,0,4692
BRDA:113,16,1,1
BRDA:117,17,0,5318
BRDA:117,17,1,5306
BRDA:134,18,0,1
BRDA:134,18,1,19
BRDA:147,19,0,119
BRDA:147,19,1,100
BRDA:165,20,0,65262
BRDA:165,20,1,352678
BRDA:171,21,0,28222
BRDA:171,21,1,389718
BRDA:185,22,0,1835
BRDA:185,22,1,349739
BRDA:188,23,0,1518
BRDA:188,23,1,317
BRDA:194,24,0,20287
BRDA:194,24,1,329452
BRDA:197,25,0,9
BRDA:197,25,1,20278
BRDA:211,26,0,48468
BRDA:211,26,1,325228
BRDA:217,27,0,6357
BRDA:217,27,1,367339
BRF:54
BRH:54
end_of_record
